Using pre-set license
Built from '2020.2/release' branch; Version is '2020.2.1f1 (270dd8c3da1c) revision 2559448'; Using compiler version '192528614'; Build Type 'Release'
OS: 'Windows 8.1  (6.3.0) 64bit' Language: 'ru' Physical Memory: 16241 MB
BatchMode: 1, IsHumanControllingUs: 0, StartBugReporterOnCrash: 0, Is64bit: 1, IsPro: 0

 COMMAND LINE ARGUMENTS:
D:\Games\Unity\2020.2.1f1\Editor\Unity.exe
-adb2
-batchMode
-noUpm
-name
AssetImportWorker0
-projectPath
D:/Games/Unity/TowerDefensePrototype
-logFile
Logs/AssetImportWorker0.log
-srvPort
54503
Successfully changed project path to: D:/Games/Unity/TowerDefensePrototype
D:/Games/Unity/TowerDefensePrototype
Using Asset Import Pipeline V2.
Refreshing native plugins compatible for Editor in 42.19 ms, found 0 plugins.
Preloading 0 native plugins for Editor in 0.00 ms.
Initialize engine version: 2020.2.1f1 (270dd8c3da1c)
[Subsystems] Discovering subsystems at path D:/Games/Unity/2020.2.1f1/Editor/Data/Resources/UnitySubsystems
[Subsystems] Discovering subsystems at path D:/Games/Unity/TowerDefensePrototype/Assets
GfxDevice: creating device client; threaded=0
d3d11: QueryInterface(IDXGIFactory5) failed (80004002).
Direct3D:
    Version:  Direct3D 11.0 [level 11.0]
    Renderer: NVIDIA GeForce GT 650M (ID=0xfd1)
    Vendor:   
    VRAM:     1947 MB
    Driver:   25.21.14.2531
Initialize mono
Mono path[0] = 'D:/Games/Unity/2020.2.1f1/Editor/Data/Managed'
Mono path[1] = 'D:/Games/Unity/2020.2.1f1/Editor/Data/MonoBleedingEdge/lib/mono/unityjit'
Mono config path = 'D:/Games/Unity/2020.2.1f1/Editor/Data/MonoBleedingEdge/etc'
Using monoOptions --debugger-agent=transport=dt_socket,embedding=1,server=y,suspend=n,address=127.0.0.1:56676
Begin MonoManager ReloadAssembly
Registering precompiled unity dll's ...
Register platform support module: D:/Games/Unity/2020.2.1f1/Editor/Data/PlaybackEngines/WebGLSupport/UnityEditor.WebGL.Extensions.dll
Register platform support module: D:/Games/Unity/2020.2.1f1/Editor/Data/PlaybackEngines/WindowsStandaloneSupport/UnityEditor.WindowsStandalone.Extensions.dll
Registered in 0.002539 seconds.
Native extension for WindowsStandalone target not found
Native extension for WebGL target not found
Refreshing native plugins compatible for Editor in 40.56 ms, found 0 plugins.
Preloading 0 native plugins for Editor in 0.00 ms.
Invoked RoslynAnalysisRunner static constructor.
RoslynAnalysisRunner will not be running.
RoslynAnalysisRunner has terminated.
Mono: successfully reloaded assembly
- Completed reload, in  1.613 seconds
Platform modules already initialized, skipping
Registering precompiled user dll's ...
Registered in 0.001002 seconds.
Begin MonoManager ReloadAssembly
Native extension for WindowsStandalone target not found
Native extension for WebGL target not found
Refreshing native plugins compatible for Editor in 0.36 ms, found 0 plugins.
Preloading 0 native plugins for Editor in 0.00 ms.
Invoked RoslynAnalysisRunner static constructor.
RoslynAnalysisRunner will not be running.
RoslynAnalysisRunner has terminated.
Mono: successfully reloaded assembly
- Completed reload, in  1.341 seconds
Platform modules already initialized, skipping
========================================================================
Worker process is ready to serve import requests
Launched and connected shader compiler UnityShaderCompiler.exe after 0.04 seconds
Refreshing native plugins compatible for Editor in 0.42 ms, found 0 plugins.
Preloading 0 native plugins for Editor in 0.00 ms.
Unloading 1101 Unused Serialized files (Serialized files now loaded: 0)
System memory in use before: 57.0 MB.
System memory in use after: 57.0 MB.

Unloading 10 unused Assets to reduce memory usage. Loaded Objects now: 1543.
Total: 3.138831 ms (FindLiveObjects: 0.261712 ms CreateObjectMapping: 0.076974 ms MarkObjects: 2.691526 ms  DeleteObjects: 0.105626 ms)

========================================================================
Received Import Request.
  path: Assets/_Content/Level Items/Cannon
  artifactKey: Guid(9d87b2cc6dc11b043b8097f4dd60fa65) Importer(815301076,1909f56bfc062723c751e8b465ee728b)
Start importing Assets/_Content/Level Items/Cannon using Guid(9d87b2cc6dc11b043b8097f4dd60fa65) Importer(815301076,1909f56bfc062723c751e8b465ee728b)  -> (artifact id: '0bbe51f85066ec56c0e925f5d55d566c') in 0.007868 seconds
  Import took 0.010992 seconds .

========================================================================
Received Import Request.
  Time since last request: 9.715848 seconds.
  path: Assets/_Content/Level Items/EnemySpawner
  artifactKey: Guid(44d86b0e97b9ebb4cbc8234c7e77b956) Importer(815301076,1909f56bfc062723c751e8b465ee728b)
Start importing Assets/_Content/Level Items/EnemySpawner using Guid(44d86b0e97b9ebb4cbc8234c7e77b956) Importer(815301076,1909f56bfc062723c751e8b465ee728b)  -> (artifact id: 'cc4aaa54293713fb54df464f6b2c7fd4') in 0.005107 seconds
  Import took 0.008563 seconds .

========================================================================
Received Import Request.
  Time since last request: 24.769643 seconds.
  path: Assets/_Content/Level Items/CannonSiteCell
  artifactKey: Guid(b9277f9efbff42d4c84612eb9060a7bc) Importer(815301076,1909f56bfc062723c751e8b465ee728b)
Start importing Assets/_Content/Level Items/CannonSiteCell using Guid(b9277f9efbff42d4c84612eb9060a7bc) Importer(815301076,1909f56bfc062723c751e8b465ee728b)  -> (artifact id: '7c78dfda07bc29c0ad020dec683162fc') in 0.030150 seconds
  Import took 0.033577 seconds .

========================================================================
Received Import Request.
  Time since last request: 0.005102 seconds.
  path: Assets/_Content/Level Items/CannonSiteCell
  artifactKey: Guid(b9277f9efbff42d4c84612eb9060a7bc) Importer(815301076,1909f56bfc062723c751e8b465ee728b)
Start importing Assets/_Content/Level Items/CannonSiteCell using Guid(b9277f9efbff42d4c84612eb9060a7bc) Importer(815301076,1909f56bfc062723c751e8b465ee728b)  -> (artifact id: '7c78dfda07bc29c0ad020dec683162fc') in 0.006265 seconds
  Import took 0.009450 seconds .

========================================================================
Received Import Request.
  Time since last request: 11.442544 seconds.
  path: Assets/_Content/Level Items/CannonSiteCell/CannonSiteCell.prefab
  artifactKey: Guid(ed1f5b7857d8b044689b82a5c29a89b6) Importer(815301076,1909f56bfc062723c751e8b465ee728b)
Start importing Assets/_Content/Level Items/CannonSiteCell/CannonSiteCell.prefab using Guid(ed1f5b7857d8b044689b82a5c29a89b6) Importer(815301076,1909f56bfc062723c751e8b465ee728b)  -> (artifact id: 'b66d3505c84c06b9a2298019a4ae9b4b') in 0.166712 seconds
  Import took 0.170437 seconds .

