Using pre-set license
Built from '2020.2/release' branch; Version is '2020.2.1f1 (270dd8c3da1c) revision 2559448'; Using compiler version '192528614'; Build Type 'Release'
OS: 'Windows 8.1  (6.3.0) 64bit' Language: 'ru' Physical Memory: 16241 MB
BatchMode: 1, IsHumanControllingUs: 0, StartBugReporterOnCrash: 0, Is64bit: 1, IsPro: 0

 COMMAND LINE ARGUMENTS:
D:\Games\Unity\2020.2.1f1\Editor\Unity.exe
-adb2
-batchMode
-noUpm
-name
AssetImportWorker1
-projectPath
D:/Games/Unity/TowerDefensePrototype
-logFile
Logs/AssetImportWorker1.log
-srvPort
51572
Successfully changed project path to: D:/Games/Unity/TowerDefensePrototype
D:/Games/Unity/TowerDefensePrototype
Using Asset Import Pipeline V2.
Refreshing native plugins compatible for Editor in 35.55 ms, found 0 plugins.
Preloading 0 native plugins for Editor in 0.00 ms.
Initialize engine version: 2020.2.1f1 (270dd8c3da1c)
[Subsystems] Discovering subsystems at path D:/Games/Unity/2020.2.1f1/Editor/Data/Resources/UnitySubsystems
[Subsystems] Discovering subsystems at path D:/Games/Unity/TowerDefensePrototype/Assets
GfxDevice: creating device client; threaded=0
d3d11: QueryInterface(IDXGIFactory5) failed (80004002).
Direct3D:
    Version:  Direct3D 11.0 [level 11.0]
    Renderer: NVIDIA GeForce GT 650M (ID=0xfd1)
    Vendor:   
    VRAM:     1947 MB
    Driver:   25.21.14.2531
Initialize mono
Mono path[0] = 'D:/Games/Unity/2020.2.1f1/Editor/Data/Managed'
Mono path[1] = 'D:/Games/Unity/2020.2.1f1/Editor/Data/MonoBleedingEdge/lib/mono/unityjit'
Mono config path = 'D:/Games/Unity/2020.2.1f1/Editor/Data/MonoBleedingEdge/etc'
Using monoOptions --debugger-agent=transport=dt_socket,embedding=1,server=y,suspend=n,address=127.0.0.1:56584
Begin MonoManager ReloadAssembly
Registering precompiled unity dll's ...
Register platform support module: D:/Games/Unity/2020.2.1f1/Editor/Data/PlaybackEngines/WebGLSupport/UnityEditor.WebGL.Extensions.dll
Register platform support module: D:/Games/Unity/2020.2.1f1/Editor/Data/PlaybackEngines/WindowsStandaloneSupport/UnityEditor.WindowsStandalone.Extensions.dll
Registered in 0.001708 seconds.
Native extension for WindowsStandalone target not found
Native extension for WebGL target not found
Refreshing native plugins compatible for Editor in 33.46 ms, found 0 plugins.
Preloading 0 native plugins for Editor in 0.00 ms.
Invoked RoslynAnalysisRunner static constructor.
RoslynAnalysisRunner will not be running.
RoslynAnalysisRunner has terminated.
Mono: successfully reloaded assembly
- Completed reload, in  1.339 seconds
Platform modules already initialized, skipping
Registering precompiled user dll's ...
Registered in 0.000806 seconds.
Begin MonoManager ReloadAssembly
Native extension for WindowsStandalone target not found
Native extension for WebGL target not found
Refreshing native plugins compatible for Editor in 0.27 ms, found 0 plugins.
Preloading 0 native plugins for Editor in 0.00 ms.
Invoked RoslynAnalysisRunner static constructor.
RoslynAnalysisRunner will not be running.
RoslynAnalysisRunner has terminated.
Mono: successfully reloaded assembly
- Completed reload, in  1.046 seconds
Platform modules already initialized, skipping
========================================================================
Worker process is ready to serve import requests
Launched and connected shader compiler UnityShaderCompiler.exe after 0.13 seconds
Refreshing native plugins compatible for Editor in 0.27 ms, found 0 plugins.
Preloading 0 native plugins for Editor in 0.00 ms.
Unloading 1099 Unused Serialized files (Serialized files now loaded: 0)
System memory in use before: 56.7 MB.
System memory in use after: 56.7 MB.

Unloading 10 unused Assets to reduce memory usage. Loaded Objects now: 1540.
Total: 2.141162 ms (FindLiveObjects: 0.156514 ms CreateObjectMapping: 0.052599 ms MarkObjects: 1.805469 ms  DeleteObjects: 0.124014 ms)

========================================================================
Received Import Request.
  path: Assets/Level Items/Cannon.prefab
  artifactKey: Guid(dd3739e279ee7f94db2332d35ea0292d) Importer(815301076,1909f56bfc062723c751e8b465ee728b)
Start importing Assets/Level Items/Cannon.prefab using Guid(dd3739e279ee7f94db2332d35ea0292d) Importer(815301076,1909f56bfc062723c751e8b465ee728b)  -> (artifact id: 'e7933b5341a1b91257d8fa0e69e0907a') in 0.172619 seconds
  Import took 0.175679 seconds .

========================================================================
Received Prepare
Registering precompiled user dll's ...
Registered in 0.000800 seconds.
Begin MonoManager ReloadAssembly
Native extension for WindowsStandalone target not found
Native extension for WebGL target not found
Refreshing native plugins compatible for Editor in 0.26 ms, found 0 plugins.
Preloading 0 native plugins for Editor in 0.00 ms.
Invoked RoslynAnalysisRunner static constructor.
RoslynAnalysisRunner will not be running.
RoslynAnalysisRunner has terminated.
Mono: successfully reloaded assembly
- Completed reload, in  0.972 seconds
Platform modules already initialized, skipping
Refreshing native plugins compatible for Editor in 0.26 ms, found 0 plugins.
Preloading 0 native plugins for Editor in 0.00 ms.
Unloading 1094 Unused Serialized files (Serialized files now loaded: 0)
System memory in use before: 60.0 MB.
System memory in use after: 60.1 MB.

Unloading 5 unused Assets to reduce memory usage. Loaded Objects now: 1551.
Total: 1.954286 ms (FindLiveObjects: 0.147534 ms CreateObjectMapping: 0.064573 ms MarkObjects: 1.676752 ms  DeleteObjects: 0.056020 ms)

========================================================================
Received Prepare
Registering precompiled user dll's ...
Registered in 0.000877 seconds.
Begin MonoManager ReloadAssembly
Native extension for WindowsStandalone target not found
Native extension for WebGL target not found
Refreshing native plugins compatible for Editor in 0.27 ms, found 0 plugins.
Preloading 0 native plugins for Editor in 0.00 ms.
Invoked RoslynAnalysisRunner static constructor.
RoslynAnalysisRunner will not be running.
RoslynAnalysisRunner has terminated.
Mono: successfully reloaded assembly
- Completed reload, in  0.956 seconds
Platform modules already initialized, skipping
Refreshing native plugins compatible for Editor in 0.26 ms, found 0 plugins.
Preloading 0 native plugins for Editor in 0.00 ms.
Unloading 1094 Unused Serialized files (Serialized files now loaded: 0)
System memory in use before: 60.2 MB.
System memory in use after: 60.3 MB.

Unloading 5 unused Assets to reduce memory usage. Loaded Objects now: 1553.
Total: 2.045800 ms (FindLiveObjects: 0.152665 ms CreateObjectMapping: 0.049606 ms MarkObjects: 1.781950 ms  DeleteObjects: 0.059441 ms)

========================================================================
Received Prepare
Registering precompiled user dll's ...
Registered in 0.000810 seconds.
Begin MonoManager ReloadAssembly
Native extension for WindowsStandalone target not found
Native extension for WebGL target not found
Refreshing native plugins compatible for Editor in 0.26 ms, found 0 plugins.
Preloading 0 native plugins for Editor in 0.00 ms.
Invoked RoslynAnalysisRunner static constructor.
RoslynAnalysisRunner will not be running.
RoslynAnalysisRunner has terminated.
Mono: successfully reloaded assembly
- Completed reload, in  0.963 seconds
Platform modules already initialized, skipping
Refreshing native plugins compatible for Editor in 0.28 ms, found 0 plugins.
Preloading 0 native plugins for Editor in 0.00 ms.
Unloading 1094 Unused Serialized files (Serialized files now loaded: 0)
System memory in use before: 60.4 MB.
System memory in use after: 60.5 MB.

Unloading 5 unused Assets to reduce memory usage. Loaded Objects now: 1555.
Total: 1.926490 ms (FindLiveObjects: 0.147534 ms CreateObjectMapping: 0.048750 ms MarkObjects: 1.667771 ms  DeleteObjects: 0.061152 ms)

========================================================================
Received Prepare
Registering precompiled user dll's ...
Registered in 0.000814 seconds.
Begin MonoManager ReloadAssembly
Native extension for WindowsStandalone target not found
Native extension for WebGL target not found
Refreshing native plugins compatible for Editor in 0.26 ms, found 0 plugins.
Preloading 0 native plugins for Editor in 0.00 ms.
Invoked RoslynAnalysisRunner static constructor.
RoslynAnalysisRunner will not be running.
RoslynAnalysisRunner has terminated.
Mono: successfully reloaded assembly
- Completed reload, in  0.973 seconds
Platform modules already initialized, skipping
Refreshing native plugins compatible for Editor in 0.27 ms, found 0 plugins.
Preloading 0 native plugins for Editor in 0.00 ms.
Unloading 1094 Unused Serialized files (Serialized files now loaded: 0)
System memory in use before: 60.6 MB.
System memory in use after: 60.7 MB.

Unloading 5 unused Assets to reduce memory usage. Loaded Objects now: 1557.
Total: 1.952575 ms (FindLiveObjects: 0.154376 ms CreateObjectMapping: 0.048750 ms MarkObjects: 1.690008 ms  DeleteObjects: 0.058158 ms)

========================================================================
Received Prepare
Registering precompiled user dll's ...
Registered in 0.000777 seconds.
Begin MonoManager ReloadAssembly
Native extension for WindowsStandalone target not found
Native extension for WebGL target not found
Refreshing native plugins compatible for Editor in 0.27 ms, found 0 plugins.
Preloading 0 native plugins for Editor in 0.00 ms.
Invoked RoslynAnalysisRunner static constructor.
RoslynAnalysisRunner will not be running.
RoslynAnalysisRunner has terminated.
Mono: successfully reloaded assembly
- Completed reload, in  0.937 seconds
Platform modules already initialized, skipping
Refreshing native plugins compatible for Editor in 0.26 ms, found 0 plugins.
Preloading 0 native plugins for Editor in 0.00 ms.
Unloading 1094 Unused Serialized files (Serialized files now loaded: 0)
System memory in use before: 60.9 MB.
System memory in use after: 61.0 MB.

Unloading 5 unused Assets to reduce memory usage. Loaded Objects now: 1559.
Total: 1.973957 ms (FindLiveObjects: 0.141974 ms CreateObjectMapping: 0.047040 ms MarkObjects: 1.726785 ms  DeleteObjects: 0.057303 ms)

========================================================================
Received Import Request.
  Time since last request: 444.093117 seconds.
  path: Assets/Level Items/Cannon.prefab
  artifactKey: Guid(dd3739e279ee7f94db2332d35ea0292d) Importer(815301076,1909f56bfc062723c751e8b465ee728b)
Start importing Assets/Level Items/Cannon.prefab using Guid(dd3739e279ee7f94db2332d35ea0292d) Importer(815301076,1909f56bfc062723c751e8b465ee728b)  -> (artifact id: '16a1f707310211fc7f7732f963338897') in 0.075572 seconds
  Import took 0.078224 seconds .

========================================================================
Received Import Request.
  Time since last request: 2.141484 seconds.
  path: Assets/Level Items/Cannon.prefab
  artifactKey: Guid(dd3739e279ee7f94db2332d35ea0292d) Importer(815301076,1909f56bfc062723c751e8b465ee728b)
Start importing Assets/Level Items/Cannon.prefab using Guid(dd3739e279ee7f94db2332d35ea0292d) Importer(815301076,1909f56bfc062723c751e8b465ee728b)  -> (artifact id: '16a1f707310211fc7f7732f963338897') in 0.015112 seconds
  Import took 0.017968 seconds .

========================================================================
Received Prepare
Registering precompiled user dll's ...
Registered in 0.000807 seconds.
Begin MonoManager ReloadAssembly
Native extension for WindowsStandalone target not found
Native extension for WebGL target not found
Refreshing native plugins compatible for Editor in 0.29 ms, found 0 plugins.
Preloading 0 native plugins for Editor in 0.00 ms.
Invoked RoslynAnalysisRunner static constructor.
RoslynAnalysisRunner will not be running.
RoslynAnalysisRunner has terminated.
Mono: successfully reloaded assembly
- Completed reload, in  0.937 seconds
Platform modules already initialized, skipping
Refreshing native plugins compatible for Editor in 0.27 ms, found 0 plugins.
Preloading 0 native plugins for Editor in 0.00 ms.
Unloading 1094 Unused Serialized files (Serialized files now loaded: 0)
System memory in use before: 61.2 MB.
System memory in use after: 61.2 MB.

Unloading 5 unused Assets to reduce memory usage. Loaded Objects now: 1562.
Total: 2.039385 ms (FindLiveObjects: 0.143685 ms CreateObjectMapping: 0.045329 ms MarkObjects: 1.793923 ms  DeleteObjects: 0.055592 ms)

========================================================================
Received Import Request.
  Time since last request: 152.627143 seconds.
  path: Assets/Scenes/TowerDefenseScene/NavMesh.asset
  artifactKey: Guid(ef850d1bf7b4f794ba38ebf935d41188) Importer(815301076,1909f56bfc062723c751e8b465ee728b)
Start importing Assets/Scenes/TowerDefenseScene/NavMesh.asset using Guid(ef850d1bf7b4f794ba38ebf935d41188) Importer(815301076,1909f56bfc062723c751e8b465ee728b)  -> (artifact id: '4c4ad69bc860fb346fe0f30ec72163d7') in 0.403289 seconds
  Import took 0.405949 seconds .

========================================================================
Received Import Request.
  Time since last request: 15.645652 seconds.
  path: Assets/Scenes/Navigation
  artifactKey: Guid(0599dfac0112e0b4896e0812c0d3152c) Importer(815301076,1909f56bfc062723c751e8b465ee728b)
Start importing Assets/Scenes/Navigation using Guid(0599dfac0112e0b4896e0812c0d3152c) Importer(815301076,1909f56bfc062723c751e8b465ee728b)  -> (artifact id: '1807550a5200e6f6633ef9e196226197') in 0.022415 seconds
  Import took 0.024919 seconds .

========================================================================
Received Prepare
Registering precompiled user dll's ...
Registered in 0.000853 seconds.
Begin MonoManager ReloadAssembly
Native extension for WindowsStandalone target not found
Native extension for WebGL target not found
Refreshing native plugins compatible for Editor in 0.28 ms, found 0 plugins.
Preloading 0 native plugins for Editor in 0.00 ms.
Invoked RoslynAnalysisRunner static constructor.
RoslynAnalysisRunner will not be running.
RoslynAnalysisRunner has terminated.
Mono: successfully reloaded assembly
- Completed reload, in  0.932 seconds
Platform modules already initialized, skipping
Refreshing native plugins compatible for Editor in 0.27 ms, found 0 plugins.
Preloading 0 native plugins for Editor in 0.00 ms.
Unloading 1094 Unused Serialized files (Serialized files now loaded: 0)
System memory in use before: 61.4 MB.
System memory in use after: 61.5 MB.

Unloading 5 unused Assets to reduce memory usage. Loaded Objects now: 1564.
Total: 2.012017 ms (FindLiveObjects: 0.186448 ms CreateObjectMapping: 0.047467 ms MarkObjects: 1.718232 ms  DeleteObjects: 0.058158 ms)

========================================================================
Received Import Request.
  Time since last request: 109.663008 seconds.
  path: Assets/Scenes/TowerDefense
  artifactKey: Guid(252fba3284ca8e245a6bfcf72d782000) Importer(815301076,1909f56bfc062723c751e8b465ee728b)
Start importing Assets/Scenes/TowerDefense using Guid(252fba3284ca8e245a6bfcf72d782000) Importer(815301076,1909f56bfc062723c751e8b465ee728b)  -> (artifact id: 'c2aa0fa6bc88ac5831d1119be7bfb691') in 0.047634 seconds
  Import took 0.050214 seconds .

========================================================================
Received Import Request.
  Time since last request: 15.169895 seconds.
  path: Assets/Scenes/TowerDefense/TowerDefenseScene.unity
  artifactKey: Guid(9fc0d4010bbf28b4594072e72b8655ab) Importer(815301076,1909f56bfc062723c751e8b465ee728b)
Start importing Assets/Scenes/TowerDefense/TowerDefenseScene.unity using Guid(9fc0d4010bbf28b4594072e72b8655ab) Importer(815301076,1909f56bfc062723c751e8b465ee728b)  -> (artifact id: '2bcc0d91a99f59784f63d718af3b71ad') in 0.021433 seconds
  Import took 0.024423 seconds .

========================================================================
Received Import Request.
  Time since last request: 61.333785 seconds.
  path: Assets/Level Items/Cannon.prefab
  artifactKey: Guid(dd3739e279ee7f94db2332d35ea0292d) Importer(815301076,1909f56bfc062723c751e8b465ee728b)
Start importing Assets/Level Items/Cannon.prefab using Guid(dd3739e279ee7f94db2332d35ea0292d) Importer(815301076,1909f56bfc062723c751e8b465ee728b)  -> (artifact id: '5903e4a1f406dc5bbdcf653e034e3e78') in 0.122778 seconds
  Import took 0.125596 seconds .

========================================================================
Received Import Request.
  Time since last request: 4.443530 seconds.
  path: Assets/Level Items/Cannon.prefab
  artifactKey: Guid(dd3739e279ee7f94db2332d35ea0292d) Importer(815301076,1909f56bfc062723c751e8b465ee728b)
Start importing Assets/Level Items/Cannon.prefab using Guid(dd3739e279ee7f94db2332d35ea0292d) Importer(815301076,1909f56bfc062723c751e8b465ee728b)  -> (artifact id: '3e5d4ada7e8640cd0c780413cb699f4e') in 0.020632 seconds
  Import took 0.023301 seconds .

========================================================================
Received Import Request.
  Time since last request: 15.493789 seconds.
  path: Assets/Level Items/Cannon.prefab
  artifactKey: Guid(dd3739e279ee7f94db2332d35ea0292d) Importer(815301076,1909f56bfc062723c751e8b465ee728b)
Start importing Assets/Level Items/Cannon.prefab using Guid(dd3739e279ee7f94db2332d35ea0292d) Importer(815301076,1909f56bfc062723c751e8b465ee728b)  -> (artifact id: 'e1a6553e9b7473d0efb32a42807b3411') in 0.038507 seconds
  Import took 0.041262 seconds .

========================================================================
Received Import Request.
  Time since last request: 8.632798 seconds.
  path: Assets/Level Items/Cannon.prefab
  artifactKey: Guid(dd3739e279ee7f94db2332d35ea0292d) Importer(815301076,1909f56bfc062723c751e8b465ee728b)
Start importing Assets/Level Items/Cannon.prefab using Guid(dd3739e279ee7f94db2332d35ea0292d) Importer(815301076,1909f56bfc062723c751e8b465ee728b)  -> (artifact id: 'd210d98ef44d88841b2e8d29299e81ad') in 0.019136 seconds
  Import took 0.021772 seconds .

========================================================================
Received Import Request.
  Time since last request: 6.028201 seconds.
  path: Assets/Level Items/Cannon.prefab
  artifactKey: Guid(dd3739e279ee7f94db2332d35ea0292d) Importer(815301076,1909f56bfc062723c751e8b465ee728b)
Start importing Assets/Level Items/Cannon.prefab using Guid(dd3739e279ee7f94db2332d35ea0292d) Importer(815301076,1909f56bfc062723c751e8b465ee728b)  -> (artifact id: '577ebdfce87b2afa84c3339ebc7c18b6') in 0.070503 seconds
  Import took 0.073480 seconds .

========================================================================
Received Import Request.
  Time since last request: 2.593981 seconds.
  path: Assets/Level Items/Cannon.prefab
  artifactKey: Guid(dd3739e279ee7f94db2332d35ea0292d) Importer(815301076,1909f56bfc062723c751e8b465ee728b)
Start importing Assets/Level Items/Cannon.prefab using Guid(dd3739e279ee7f94db2332d35ea0292d) Importer(815301076,1909f56bfc062723c751e8b465ee728b)  -> (artifact id: '0931222a5082540b9b79993c3c18fbbd') in 0.035261 seconds
  Import took 0.038156 seconds .

========================================================================
Received Import Request.
  Time since last request: 3.590908 seconds.
  path: Assets/Level Items/Cannon.prefab
  artifactKey: Guid(dd3739e279ee7f94db2332d35ea0292d) Importer(815301076,1909f56bfc062723c751e8b465ee728b)
Start importing Assets/Level Items/Cannon.prefab using Guid(dd3739e279ee7f94db2332d35ea0292d) Importer(815301076,1909f56bfc062723c751e8b465ee728b)  -> (artifact id: '32cce85fd475611730c44344c7288242') in 0.060934 seconds
  Import took 0.063813 seconds .

========================================================================
Received Import Request.
  Time since last request: 14.912749 seconds.
  path: Assets/Level Items/Cannon.prefab
  artifactKey: Guid(dd3739e279ee7f94db2332d35ea0292d) Importer(815301076,1909f56bfc062723c751e8b465ee728b)
Start importing Assets/Level Items/Cannon.prefab using Guid(dd3739e279ee7f94db2332d35ea0292d) Importer(815301076,1909f56bfc062723c751e8b465ee728b)  -> (artifact id: '363e5d46393d25b4546c3b46803f3a72') in 0.018752 seconds
  Import took 0.021482 seconds .

========================================================================
Received Import Request.
  Time since last request: 10.627551 seconds.
  path: Assets/Level Items/Cannon.prefab
  artifactKey: Guid(dd3739e279ee7f94db2332d35ea0292d) Importer(815301076,1909f56bfc062723c751e8b465ee728b)
Start importing Assets/Level Items/Cannon.prefab using Guid(dd3739e279ee7f94db2332d35ea0292d) Importer(815301076,1909f56bfc062723c751e8b465ee728b)  -> (artifact id: '80e08a241d746fbaf708065135f1a360') in 0.065156 seconds
  Import took 0.067833 seconds .

========================================================================
Received Import Request.
  Time since last request: 4.288462 seconds.
  path: Assets/Level Items/Cannon.prefab
  artifactKey: Guid(dd3739e279ee7f94db2332d35ea0292d) Importer(815301076,1909f56bfc062723c751e8b465ee728b)
Start importing Assets/Level Items/Cannon.prefab using Guid(dd3739e279ee7f94db2332d35ea0292d) Importer(815301076,1909f56bfc062723c751e8b465ee728b)  -> (artifact id: '7597e7be432133ba3cc02c3f96b0a79f') in 0.018160 seconds
  Import took 0.021549 seconds .

========================================================================
Received Import Request.
  Time since last request: 13.014065 seconds.
  path: Assets/Level Items/Bullet.prefab
  artifactKey: Guid(f3bdc1735e6764445a7501779182a4f4) Importer(815301076,1909f56bfc062723c751e8b465ee728b)
Start importing Assets/Level Items/Bullet.prefab using Guid(f3bdc1735e6764445a7501779182a4f4) Importer(815301076,1909f56bfc062723c751e8b465ee728b)  -> (artifact id: '7eb3aae28ef718f7d6e0740edb91e27c') in 0.044898 seconds
  Import took 0.047626 seconds .

========================================================================
Received Import Request.
  Time since last request: 0.128933 seconds.
  path: Assets/Level Items/Cannon.prefab
  artifactKey: Guid(dd3739e279ee7f94db2332d35ea0292d) Importer(815301076,1909f56bfc062723c751e8b465ee728b)
Start importing Assets/Level Items/Cannon.prefab using Guid(dd3739e279ee7f94db2332d35ea0292d) Importer(815301076,1909f56bfc062723c751e8b465ee728b)  -> (artifact id: '9294ccace408aab96884f44e8a358a44') in 0.014129 seconds
  Import took 0.016760 seconds .

========================================================================
Received Import Request.
  Time since last request: 11.838564 seconds.
  path: Assets/Level Items/Materials/New Lighting Settings.lighting
  artifactKey: Guid(fb62679b7ed8bf74d87f63aa39f3786f) Importer(815301076,1909f56bfc062723c751e8b465ee728b)
Start importing Assets/Level Items/Materials/New Lighting Settings.lighting using Guid(fb62679b7ed8bf74d87f63aa39f3786f) Importer(815301076,1909f56bfc062723c751e8b465ee728b)  -> (artifact id: '2e717f70c6f2b0c087a2cb6dd2e67841') in 0.018475 seconds
  Import took 0.021119 seconds .

========================================================================
Received Import Request.
  Time since last request: 0.003498 seconds.
  path: Assets/Level Items/Materials/New Lighting Settings.lighting
  artifactKey: Guid(fb62679b7ed8bf74d87f63aa39f3786f) Importer(815301076,1909f56bfc062723c751e8b465ee728b)
Start importing Assets/Level Items/Materials/New Lighting Settings.lighting using Guid(fb62679b7ed8bf74d87f63aa39f3786f) Importer(815301076,1909f56bfc062723c751e8b465ee728b)  -> (artifact id: '2e717f70c6f2b0c087a2cb6dd2e67841') in 0.011779 seconds
  Import took 0.014353 seconds .

========================================================================
Received Import Request.
  Time since last request: 165.029690 seconds.
  path: Assets/Level Items/Materials/Bullet.mat
  artifactKey: Guid(8dbe7af5b2e82f544af4c2eea6cb2ede) Importer(815301076,1909f56bfc062723c751e8b465ee728b)
Start importing Assets/Level Items/Materials/Bullet.mat using Guid(8dbe7af5b2e82f544af4c2eea6cb2ede) Importer(815301076,1909f56bfc062723c751e8b465ee728b)  -> (artifact id: '3ae406e15815cb0e4676367c24117de6') in 0.290064 seconds
  Import took 0.292893 seconds .

========================================================================
Received Import Request.
  Time since last request: 20.291030 seconds.
  path: Assets/Level Items/Materials/Bullet.mat
  artifactKey: Guid(8dbe7af5b2e82f544af4c2eea6cb2ede) Importer(815301076,1909f56bfc062723c751e8b465ee728b)
Start importing Assets/Level Items/Materials/Bullet.mat using Guid(8dbe7af5b2e82f544af4c2eea6cb2ede) Importer(815301076,1909f56bfc062723c751e8b465ee728b)  -> (artifact id: '178c45592a4d6e37d814ef9c5fd878fe') in 0.023293 seconds
  Import took 0.025978 seconds .

========================================================================
Received Import Request.
  Time since last request: 18.795246 seconds.
  path: Assets/_Code/Bullet.cs
  artifactKey: Guid(a0c4a8e2ca50b0b468e734bdd9caa87f) Importer(815301076,1909f56bfc062723c751e8b465ee728b)
Start importing Assets/_Code/Bullet.cs using Guid(a0c4a8e2ca50b0b468e734bdd9caa87f) Importer(815301076,1909f56bfc062723c751e8b465ee728b)  -> (artifact id: '4985fdbe826654d51a98863e33ee3100') in 0.009147 seconds
  Import took 0.012439 seconds .

========================================================================
Received Prepare
Registering precompiled user dll's ...
Registered in 0.000820 seconds.
Begin MonoManager ReloadAssembly
Native extension for WindowsStandalone target not found
Native extension for WebGL target not found
Refreshing native plugins compatible for Editor in 0.27 ms, found 0 plugins.
Preloading 0 native plugins for Editor in 0.00 ms.
Invoked RoslynAnalysisRunner static constructor.
RoslynAnalysisRunner will not be running.
RoslynAnalysisRunner has terminated.
Mono: successfully reloaded assembly
- Completed reload, in  1.041 seconds
Platform modules already initialized, skipping
Refreshing native plugins compatible for Editor in 0.27 ms, found 0 plugins.
Preloading 0 native plugins for Editor in 0.00 ms.
Unloading 1095 Unused Serialized files (Serialized files now loaded: 0)
System memory in use before: 62.0 MB.
System memory in use after: 62.0 MB.

Unloading 6 unused Assets to reduce memory usage. Loaded Objects now: 1602.
Total: 1.992773 ms (FindLiveObjects: 0.145395 ms CreateObjectMapping: 0.047895 ms MarkObjects: 1.720370 ms  DeleteObjects: 0.078257 ms)

========================================================================
Received Prepare
Registering precompiled user dll's ...
Registered in 0.000811 seconds.
Begin MonoManager ReloadAssembly
Native extension for WindowsStandalone target not found
Native extension for WebGL target not found
Refreshing native plugins compatible for Editor in 0.27 ms, found 0 plugins.
Preloading 0 native plugins for Editor in 0.00 ms.
Invoked RoslynAnalysisRunner static constructor.
RoslynAnalysisRunner will not be running.
RoslynAnalysisRunner has terminated.
Mono: successfully reloaded assembly
- Completed reload, in  0.960 seconds
Platform modules already initialized, skipping
Refreshing native plugins compatible for Editor in 0.26 ms, found 0 plugins.
Preloading 0 native plugins for Editor in 0.00 ms.
Unloading 1095 Unused Serialized files (Serialized files now loaded: 0)
System memory in use before: 62.0 MB.
System memory in use after: 62.1 MB.

Unloading 5 unused Assets to reduce memory usage. Loaded Objects now: 1604.
Total: 2.095405 ms (FindLiveObjects: 0.156086 ms CreateObjectMapping: 0.057731 ms MarkObjects: 1.819581 ms  DeleteObjects: 0.061152 ms)

========================================================================
Received Import Request.
  Time since last request: 137.932831 seconds.
  path: Assets/_Code/Bullet.cs
  artifactKey: Guid(a0c4a8e2ca50b0b468e734bdd9caa87f) Importer(815301076,1909f56bfc062723c751e8b465ee728b)
Start importing Assets/_Code/Bullet.cs using Guid(a0c4a8e2ca50b0b468e734bdd9caa87f) Importer(815301076,1909f56bfc062723c751e8b465ee728b)  -> (artifact id: '899e45f6adc922b3d909f882ef515a86') in 0.007617 seconds
  Import took 0.010128 seconds .

========================================================================
Received Prepare
Registering precompiled user dll's ...
Registered in 0.000961 seconds.
Begin MonoManager ReloadAssembly
Native extension for WindowsStandalone target not found
Native extension for WebGL target not found
Refreshing native plugins compatible for Editor in 0.27 ms, found 0 plugins.
Preloading 0 native plugins for Editor in 0.00 ms.
Invoked RoslynAnalysisRunner static constructor.
RoslynAnalysisRunner will not be running.
RoslynAnalysisRunner has terminated.
Mono: successfully reloaded assembly
- Completed reload, in  0.952 seconds
Platform modules already initialized, skipping
Refreshing native plugins compatible for Editor in 0.27 ms, found 0 plugins.
Preloading 0 native plugins for Editor in 0.00 ms.
Unloading 1095 Unused Serialized files (Serialized files now loaded: 0)
System memory in use before: 61.4 MB.
System memory in use after: 61.5 MB.

Unloading 5 unused Assets to reduce memory usage. Loaded Objects now: 1606.
Total: 1.907246 ms (FindLiveObjects: 0.149672 ms CreateObjectMapping: 0.046612 ms MarkObjects: 1.653659 ms  DeleteObjects: 0.056020 ms)

========================================================================
Received Import Request.
  Time since last request: 41.189794 seconds.
  path: Assets/Level Items/Bullet.prefab
  artifactKey: Guid(f3bdc1735e6764445a7501779182a4f4) Importer(815301076,1909f56bfc062723c751e8b465ee728b)
Start importing Assets/Level Items/Bullet.prefab using Guid(f3bdc1735e6764445a7501779182a4f4) Importer(815301076,1909f56bfc062723c751e8b465ee728b)  -> (artifact id: 'da04e42572c4253056920ef7ffb8cb82') in 0.080642 seconds
  Import took 0.083433 seconds .

========================================================================
Received Import Request.
  Time since last request: 15.271020 seconds.
  path: Assets/Projectiles
  artifactKey: Guid(e8a4b97b6f4861444a9dd0dfc9bf233c) Importer(815301076,1909f56bfc062723c751e8b465ee728b)
Start importing Assets/Projectiles using Guid(e8a4b97b6f4861444a9dd0dfc9bf233c) Importer(815301076,1909f56bfc062723c751e8b465ee728b)  -> (artifact id: '4853eb10119db99558b0825b724e9b49') in 0.010137 seconds
  Import took 0.012714 seconds .

========================================================================
Received Import Request.
  Time since last request: 20.134332 seconds.
  path: Assets/Projectiles/Materials
  artifactKey: Guid(5993ad12a8fd701449020bfe7a3eb039) Importer(815301076,1909f56bfc062723c751e8b465ee728b)
Start importing Assets/Projectiles/Materials using Guid(5993ad12a8fd701449020bfe7a3eb039) Importer(815301076,1909f56bfc062723c751e8b465ee728b)  -> (artifact id: '907e9d2f4df37d6865d5293e75dd9421') in 0.010572 seconds
  Import took 0.013222 seconds .

========================================================================
Received Prepare
Registering precompiled user dll's ...
Registered in 0.000825 seconds.
Begin MonoManager ReloadAssembly
Native extension for WindowsStandalone target not found
Native extension for WebGL target not found
Refreshing native plugins compatible for Editor in 0.28 ms, found 0 plugins.
Preloading 0 native plugins for Editor in 0.00 ms.
Invoked RoslynAnalysisRunner static constructor.
RoslynAnalysisRunner will not be running.
RoslynAnalysisRunner has terminated.
Mono: successfully reloaded assembly
- Completed reload, in  0.979 seconds
Platform modules already initialized, skipping
Refreshing native plugins compatible for Editor in 0.27 ms, found 0 plugins.
Preloading 0 native plugins for Editor in 0.00 ms.
Unloading 1095 Unused Serialized files (Serialized files now loaded: 0)
System memory in use before: 61.6 MB.
System memory in use after: 61.7 MB.

Unloading 5 unused Assets to reduce memory usage. Loaded Objects now: 1609.
Total: 2.039813 ms (FindLiveObjects: 0.157369 ms CreateObjectMapping: 0.047467 ms MarkObjects: 1.772969 ms  DeleteObjects: 0.060296 ms)

========================================================================
Received Prepare
Registering precompiled user dll's ...
Registered in 0.000814 seconds.
Begin MonoManager ReloadAssembly
Native extension for WindowsStandalone target not found
Native extension for WebGL target not found
Refreshing native plugins compatible for Editor in 0.27 ms, found 0 plugins.
Preloading 0 native plugins for Editor in 0.00 ms.
Invoked RoslynAnalysisRunner static constructor.
RoslynAnalysisRunner will not be running.
RoslynAnalysisRunner has terminated.
Mono: successfully reloaded assembly
- Completed reload, in  0.942 seconds
Platform modules already initialized, skipping
Refreshing native plugins compatible for Editor in 0.35 ms, found 0 plugins.
Preloading 0 native plugins for Editor in 0.00 ms.
Unloading 1095 Unused Serialized files (Serialized files now loaded: 0)
System memory in use before: 61.8 MB.
System memory in use after: 61.9 MB.

Unloading 5 unused Assets to reduce memory usage. Loaded Objects now: 1611.
Total: 2.017576 ms (FindLiveObjects: 0.164211 ms CreateObjectMapping: 0.049606 ms MarkObjects: 1.736193 ms  DeleteObjects: 0.066283 ms)

========================================================================
Received Prepare
Registering precompiled user dll's ...
Registered in 0.000810 seconds.
Begin MonoManager ReloadAssembly
Native extension for WindowsStandalone target not found
Native extension for WebGL target not found
Refreshing native plugins compatible for Editor in 0.26 ms, found 0 plugins.
Preloading 0 native plugins for Editor in 0.00 ms.
Invoked RoslynAnalysisRunner static constructor.
RoslynAnalysisRunner will not be running.
RoslynAnalysisRunner has terminated.
Mono: successfully reloaded assembly
- Completed reload, in  0.934 seconds
Platform modules already initialized, skipping
Refreshing native plugins compatible for Editor in 0.27 ms, found 0 plugins.
Preloading 0 native plugins for Editor in 0.00 ms.
Unloading 1095 Unused Serialized files (Serialized files now loaded: 0)
System memory in use before: 62.0 MB.
System memory in use after: 62.1 MB.

Unloading 5 unused Assets to reduce memory usage. Loaded Objects now: 1613.
Total: 2.047510 ms (FindLiveObjects: 0.149672 ms CreateObjectMapping: 0.048323 ms MarkObjects: 1.788364 ms  DeleteObjects: 0.059441 ms)

========================================================================
Received Import Request.
  Time since last request: 628.069818 seconds.
  path: Assets/Level Items/Cannon.prefab
  artifactKey: Guid(dd3739e279ee7f94db2332d35ea0292d) Importer(815301076,1909f56bfc062723c751e8b465ee728b)
Start importing Assets/Level Items/Cannon.prefab using Guid(dd3739e279ee7f94db2332d35ea0292d) Importer(815301076,1909f56bfc062723c751e8b465ee728b)  -> (artifact id: 'e1811e0a7a1e8e050e55c8468939fb1c') in 0.083574 seconds
  Import took 0.086377 seconds .

========================================================================
Received Prepare
Registering precompiled user dll's ...
Registered in 0.000825 seconds.
Begin MonoManager ReloadAssembly
Native extension for WindowsStandalone target not found
Native extension for WebGL target not found
Refreshing native plugins compatible for Editor in 0.27 ms, found 0 plugins.
Preloading 0 native plugins for Editor in 0.00 ms.
Invoked RoslynAnalysisRunner static constructor.
RoslynAnalysisRunner will not be running.
RoslynAnalysisRunner has terminated.
Mono: successfully reloaded assembly
- Completed reload, in  0.966 seconds
Platform modules already initialized, skipping
Refreshing native plugins compatible for Editor in 0.26 ms, found 0 plugins.
Preloading 0 native plugins for Editor in 0.00 ms.
Unloading 1095 Unused Serialized files (Serialized files now loaded: 0)
System memory in use before: 61.3 MB.
System memory in use after: 61.4 MB.

Unloading 5 unused Assets to reduce memory usage. Loaded Objects now: 1616.
Total: 1.964549 ms (FindLiveObjects: 0.153948 ms CreateObjectMapping: 0.046612 ms MarkObjects: 1.705403 ms  DeleteObjects: 0.056875 ms)

========================================================================
Received Prepare
Registering precompiled user dll's ...
Registered in 0.000855 seconds.
Begin MonoManager ReloadAssembly
Native extension for WindowsStandalone target not found
Native extension for WebGL target not found
Refreshing native plugins compatible for Editor in 0.27 ms, found 0 plugins.
Preloading 0 native plugins for Editor in 0.00 ms.
Invoked RoslynAnalysisRunner static constructor.
RoslynAnalysisRunner will not be running.
RoslynAnalysisRunner has terminated.
Mono: successfully reloaded assembly
- Completed reload, in  0.943 seconds
Platform modules already initialized, skipping
Refreshing native plugins compatible for Editor in 0.27 ms, found 0 plugins.
Preloading 0 native plugins for Editor in 0.00 ms.
Unloading 1095 Unused Serialized files (Serialized files now loaded: 0)
System memory in use before: 61.5 MB.
System memory in use after: 61.6 MB.

Unloading 5 unused Assets to reduce memory usage. Loaded Objects now: 1618.
Total: 1.970536 ms (FindLiveObjects: 0.161218 ms CreateObjectMapping: 0.047895 ms MarkObjects: 1.699844 ms  DeleteObjects: 0.059869 ms)

========================================================================
Received Import Request.
  Time since last request: 135.947144 seconds.
  path: Assets/Projectiles/Bullet.prefab
  artifactKey: Guid(f3bdc1735e6764445a7501779182a4f4) Importer(815301076,1909f56bfc062723c751e8b465ee728b)
Start importing Assets/Projectiles/Bullet.prefab using Guid(f3bdc1735e6764445a7501779182a4f4) Importer(815301076,1909f56bfc062723c751e8b465ee728b)  -> (artifact id: 'a177a4bf4293662e4ad6eeec1985760c') in 0.090341 seconds
  Import took 0.093009 seconds .

========================================================================
Received Import Request.
  Time since last request: 7.743579 seconds.
  path: Assets/Level Items/Cannon.prefab
  artifactKey: Guid(dd3739e279ee7f94db2332d35ea0292d) Importer(815301076,1909f56bfc062723c751e8b465ee728b)
Start importing Assets/Level Items/Cannon.prefab using Guid(dd3739e279ee7f94db2332d35ea0292d) Importer(815301076,1909f56bfc062723c751e8b465ee728b)  -> (artifact id: '98415d84a436943c2dbda0a66215f802') in 0.017372 seconds
  Import took 0.020213 seconds .

========================================================================
Received Prepare
Registering precompiled user dll's ...
Registered in 0.000828 seconds.
Begin MonoManager ReloadAssembly
Native extension for WindowsStandalone target not found
Native extension for WebGL target not found
Refreshing native plugins compatible for Editor in 0.27 ms, found 0 plugins.
Preloading 0 native plugins for Editor in 0.00 ms.
Invoked RoslynAnalysisRunner static constructor.
RoslynAnalysisRunner will not be running.
RoslynAnalysisRunner has terminated.
Mono: successfully reloaded assembly
- Completed reload, in  0.963 seconds
Platform modules already initialized, skipping
Refreshing native plugins compatible for Editor in 0.27 ms, found 0 plugins.
Preloading 0 native plugins for Editor in 0.00 ms.
Unloading 1095 Unused Serialized files (Serialized files now loaded: 0)
System memory in use before: 61.7 MB.
System memory in use after: 61.8 MB.

Unloading 5 unused Assets to reduce memory usage. Loaded Objects now: 1621.
Total: 2.056063 ms (FindLiveObjects: 0.153948 ms CreateObjectMapping: 0.047467 ms MarkObjects: 1.793068 ms  DeleteObjects: 0.059441 ms)

========================================================================
Received Import Request.
  Time since last request: 81.887601 seconds.
  path: Assets/Level Items/Cannon.prefab
  artifactKey: Guid(dd3739e279ee7f94db2332d35ea0292d) Importer(815301076,1909f56bfc062723c751e8b465ee728b)
Start importing Assets/Level Items/Cannon.prefab using Guid(dd3739e279ee7f94db2332d35ea0292d) Importer(815301076,1909f56bfc062723c751e8b465ee728b)  -> (artifact id: '73aa23cca77fa74ed16ad4e3784fc701') in 0.079023 seconds
  Import took 0.081772 seconds .

========================================================================
Received Prepare
Registering precompiled user dll's ...
Registered in 0.000777 seconds.
Begin MonoManager ReloadAssembly
Native extension for WindowsStandalone target not found
Native extension for WebGL target not found
Refreshing native plugins compatible for Editor in 0.27 ms, found 0 plugins.
Preloading 0 native plugins for Editor in 0.00 ms.
Invoked RoslynAnalysisRunner static constructor.
RoslynAnalysisRunner will not be running.
RoslynAnalysisRunner has terminated.
Mono: successfully reloaded assembly
- Completed reload, in  0.946 seconds
Platform modules already initialized, skipping
Refreshing native plugins compatible for Editor in 0.27 ms, found 0 plugins.
Preloading 0 native plugins for Editor in 0.00 ms.
Unloading 1095 Unused Serialized files (Serialized files now loaded: 0)
System memory in use before: 62.0 MB.
System memory in use after: 62.1 MB.

Unloading 5 unused Assets to reduce memory usage. Loaded Objects now: 1624.
Total: 2.044517 ms (FindLiveObjects: 0.153948 ms CreateObjectMapping: 0.061579 ms MarkObjects: 1.768693 ms  DeleteObjects: 0.058586 ms)

========================================================================
Received Prepare
Registering precompiled user dll's ...
Registered in 0.000807 seconds.
Begin MonoManager ReloadAssembly
Native extension for WindowsStandalone target not found
Native extension for WebGL target not found
Refreshing native plugins compatible for Editor in 0.27 ms, found 0 plugins.
Preloading 0 native plugins for Editor in 0.00 ms.
Invoked RoslynAnalysisRunner static constructor.
RoslynAnalysisRunner will not be running.
RoslynAnalysisRunner has terminated.
Mono: successfully reloaded assembly
- Completed reload, in  0.942 seconds
Platform modules already initialized, skipping
Refreshing native plugins compatible for Editor in 0.27 ms, found 0 plugins.
Preloading 0 native plugins for Editor in 0.00 ms.
Unloading 1095 Unused Serialized files (Serialized files now loaded: 0)
System memory in use before: 62.1 MB.
System memory in use after: 62.2 MB.

Unloading 5 unused Assets to reduce memory usage. Loaded Objects now: 1626.
Total: 2.004747 ms (FindLiveObjects: 0.164639 ms CreateObjectMapping: 0.056875 ms MarkObjects: 1.724219 ms  DeleteObjects: 0.057731 ms)

========================================================================
Received Prepare
Registering precompiled user dll's ...
Registered in 0.000820 seconds.
Begin MonoManager ReloadAssembly
Native extension for WindowsStandalone target not found
Native extension for WebGL target not found
Refreshing native plugins compatible for Editor in 0.26 ms, found 0 plugins.
Preloading 0 native plugins for Editor in 0.00 ms.
Invoked RoslynAnalysisRunner static constructor.
RoslynAnalysisRunner will not be running.
RoslynAnalysisRunner has terminated.
Mono: successfully reloaded assembly
- Completed reload, in  0.948 seconds
Platform modules already initialized, skipping
Refreshing native plugins compatible for Editor in 0.27 ms, found 0 plugins.
Preloading 0 native plugins for Editor in 0.00 ms.
Unloading 1095 Unused Serialized files (Serialized files now loaded: 0)
System memory in use before: 61.4 MB.
System memory in use after: 61.5 MB.

Unloading 5 unused Assets to reduce memory usage. Loaded Objects now: 1628.
Total: 2.149287 ms (FindLiveObjects: 0.150955 ms CreateObjectMapping: 0.047467 ms MarkObjects: 1.891851 ms  DeleteObjects: 0.057303 ms)

========================================================================
Received Prepare
Registering precompiled user dll's ...
Registered in 0.000851 seconds.
Begin MonoManager ReloadAssembly
Native extension for WindowsStandalone target not found
Native extension for WebGL target not found
Refreshing native plugins compatible for Editor in 0.27 ms, found 0 plugins.
Preloading 0 native plugins for Editor in 0.00 ms.
Invoked RoslynAnalysisRunner static constructor.
RoslynAnalysisRunner will not be running.
RoslynAnalysisRunner has terminated.
Mono: successfully reloaded assembly
- Completed reload, in  0.965 seconds
Platform modules already initialized, skipping
Refreshing native plugins compatible for Editor in 0.63 ms, found 0 plugins.
Preloading 0 native plugins for Editor in 0.00 ms.
Unloading 1095 Unused Serialized files (Serialized files now loaded: 0)
System memory in use before: 61.6 MB.
System memory in use after: 61.7 MB.

Unloading 5 unused Assets to reduce memory usage. Loaded Objects now: 1630.
Total: 2.099254 ms (FindLiveObjects: 0.165922 ms CreateObjectMapping: 0.048750 ms MarkObjects: 1.822575 ms  DeleteObjects: 0.059441 ms)

========================================================================
Received Import Request.
  Time since last request: 122.698449 seconds.
  path: Assets/Level Items/Cannon.prefab
  artifactKey: Guid(dd3739e279ee7f94db2332d35ea0292d) Importer(815301076,1909f56bfc062723c751e8b465ee728b)
Start importing Assets/Level Items/Cannon.prefab using Guid(dd3739e279ee7f94db2332d35ea0292d) Importer(815301076,1909f56bfc062723c751e8b465ee728b)  -> (artifact id: '00708255f9fec4a6ec6e6124f420b49c') in 0.080081 seconds
  Import took 0.082798 seconds .

========================================================================
Received Prepare
Registering precompiled user dll's ...
Registered in 0.000795 seconds.
Begin MonoManager ReloadAssembly
Native extension for WindowsStandalone target not found
Native extension for WebGL target not found
Refreshing native plugins compatible for Editor in 0.26 ms, found 0 plugins.
Preloading 0 native plugins for Editor in 0.00 ms.
Invoked RoslynAnalysisRunner static constructor.
RoslynAnalysisRunner will not be running.
RoslynAnalysisRunner has terminated.
Mono: successfully reloaded assembly
- Completed reload, in  0.982 seconds
Platform modules already initialized, skipping
Refreshing native plugins compatible for Editor in 0.27 ms, found 0 plugins.
Preloading 0 native plugins for Editor in 0.00 ms.
Unloading 1095 Unused Serialized files (Serialized files now loaded: 0)
System memory in use before: 61.9 MB.
System memory in use after: 61.9 MB.

Unloading 5 unused Assets to reduce memory usage. Loaded Objects now: 1633.
Total: 2.283992 ms (FindLiveObjects: 0.185593 ms CreateObjectMapping: 0.054309 ms MarkObjects: 1.980799 ms  DeleteObjects: 0.061152 ms)

========================================================================
Received Prepare
Registering precompiled user dll's ...
Registered in 0.000945 seconds.
Begin MonoManager ReloadAssembly
Native extension for WindowsStandalone target not found
Native extension for WebGL target not found
Refreshing native plugins compatible for Editor in 0.27 ms, found 0 plugins.
Preloading 0 native plugins for Editor in 0.00 ms.
Invoked RoslynAnalysisRunner static constructor.
RoslynAnalysisRunner will not be running.
RoslynAnalysisRunner has terminated.
Mono: successfully reloaded assembly
- Completed reload, in  0.988 seconds
Platform modules already initialized, skipping
Refreshing native plugins compatible for Editor in 0.27 ms, found 0 plugins.
Preloading 0 native plugins for Editor in 0.00 ms.
Unloading 1095 Unused Serialized files (Serialized files now loaded: 0)
System memory in use before: 62.1 MB.
System memory in use after: 62.2 MB.

Unloading 5 unused Assets to reduce memory usage. Loaded Objects now: 1635.
Total: 2.381064 ms (FindLiveObjects: 0.261284 ms CreateObjectMapping: 0.066711 ms MarkObjects: 1.989352 ms  DeleteObjects: 0.062435 ms)

========================================================================
Received Prepare
Registering precompiled user dll's ...
Registered in 0.000842 seconds.
Begin MonoManager ReloadAssembly
Native extension for WindowsStandalone target not found
Native extension for WebGL target not found
Refreshing native plugins compatible for Editor in 0.26 ms, found 0 plugins.
Preloading 0 native plugins for Editor in 0.00 ms.
Invoked RoslynAnalysisRunner static constructor.
RoslynAnalysisRunner will not be running.
RoslynAnalysisRunner has terminated.
Mono: successfully reloaded assembly
- Completed reload, in  0.949 seconds
Platform modules already initialized, skipping
Refreshing native plugins compatible for Editor in 0.27 ms, found 0 plugins.
Preloading 0 native plugins for Editor in 0.00 ms.
Unloading 1095 Unused Serialized files (Serialized files now loaded: 0)
System memory in use before: 62.1 MB.
System memory in use after: 62.2 MB.

Unloading 5 unused Assets to reduce memory usage. Loaded Objects now: 1637.
Total: 2.971627 ms (FindLiveObjects: 0.230922 ms CreateObjectMapping: 0.062862 ms MarkObjects: 2.613269 ms  DeleteObjects: 0.062007 ms)

========================================================================
Received Prepare
Registering precompiled user dll's ...
Registered in 0.000833 seconds.
Begin MonoManager ReloadAssembly
Native extension for WindowsStandalone target not found
Native extension for WebGL target not found
Refreshing native plugins compatible for Editor in 0.26 ms, found 0 plugins.
Preloading 0 native plugins for Editor in 0.00 ms.
Invoked RoslynAnalysisRunner static constructor.
RoslynAnalysisRunner will not be running.
RoslynAnalysisRunner has terminated.
Mono: successfully reloaded assembly
- Completed reload, in  0.946 seconds
Platform modules already initialized, skipping
Refreshing native plugins compatible for Editor in 0.26 ms, found 0 plugins.
Preloading 0 native plugins for Editor in 0.00 ms.
Unloading 1095 Unused Serialized files (Serialized files now loaded: 0)
System memory in use before: 61.5 MB.
System memory in use after: 61.6 MB.

Unloading 5 unused Assets to reduce memory usage. Loaded Objects now: 1639.
Total: 2.030832 ms (FindLiveObjects: 0.155231 ms CreateObjectMapping: 0.047895 ms MarkObjects: 1.769548 ms  DeleteObjects: 0.056875 ms)

========================================================================
Received Prepare
Registering precompiled user dll's ...
Registered in 0.000776 seconds.
Begin MonoManager ReloadAssembly
Native extension for WindowsStandalone target not found
Native extension for WebGL target not found
Refreshing native plugins compatible for Editor in 0.28 ms, found 0 plugins.
Preloading 0 native plugins for Editor in 0.00 ms.
Invoked RoslynAnalysisRunner static constructor.
RoslynAnalysisRunner will not be running.
RoslynAnalysisRunner has terminated.
Mono: successfully reloaded assembly
- Completed reload, in  0.939 seconds
Platform modules already initialized, skipping
Refreshing native plugins compatible for Editor in 0.26 ms, found 0 plugins.
Preloading 0 native plugins for Editor in 0.00 ms.
Unloading 1095 Unused Serialized files (Serialized files now loaded: 0)
System memory in use before: 61.7 MB.
System memory in use after: 61.8 MB.

Unloading 5 unused Assets to reduce memory usage. Loaded Objects now: 1641.
Total: 2.015865 ms (FindLiveObjects: 0.158224 ms CreateObjectMapping: 0.047040 ms MarkObjects: 1.748594 ms  DeleteObjects: 0.061152 ms)

========================================================================
Received Prepare
Registering precompiled user dll's ...
Registered in 0.000776 seconds.
Begin MonoManager ReloadAssembly
Native extension for WindowsStandalone target not found
Native extension for WebGL target not found
Refreshing native plugins compatible for Editor in 0.27 ms, found 0 plugins.
Preloading 0 native plugins for Editor in 0.00 ms.
Invoked RoslynAnalysisRunner static constructor.
RoslynAnalysisRunner will not be running.
RoslynAnalysisRunner has terminated.
Mono: successfully reloaded assembly
- Completed reload, in  0.955 seconds
Platform modules already initialized, skipping
Refreshing native plugins compatible for Editor in 0.27 ms, found 0 plugins.
Preloading 0 native plugins for Editor in 0.00 ms.
Unloading 1095 Unused Serialized files (Serialized files now loaded: 0)
System memory in use before: 61.9 MB.
System memory in use after: 62.0 MB.

Unloading 5 unused Assets to reduce memory usage. Loaded Objects now: 1643.
Total: 2.242939 ms (FindLiveObjects: 0.277107 ms CreateObjectMapping: 0.067994 ms MarkObjects: 1.829845 ms  DeleteObjects: 0.066283 ms)

========================================================================
Received Import Request.
  Time since last request: 376.383920 seconds.
  path: Assets/Level Items/Cannon.prefab
  artifactKey: Guid(dd3739e279ee7f94db2332d35ea0292d) Importer(815301076,1909f56bfc062723c751e8b465ee728b)
Start importing Assets/Level Items/Cannon.prefab using Guid(dd3739e279ee7f94db2332d35ea0292d) Importer(815301076,1909f56bfc062723c751e8b465ee728b)  -> (artifact id: '41d380d2ae5361dd22f112e6e71051c0') in 0.080944 seconds
  Import took 0.083666 seconds .

========================================================================
Received Import Request.
  Time since last request: 2.548417 seconds.
  path: Assets/Level Items/Cannon.prefab
  artifactKey: Guid(dd3739e279ee7f94db2332d35ea0292d) Importer(815301076,1909f56bfc062723c751e8b465ee728b)
Start importing Assets/Level Items/Cannon.prefab using Guid(dd3739e279ee7f94db2332d35ea0292d) Importer(815301076,1909f56bfc062723c751e8b465ee728b)  -> (artifact id: '41d380d2ae5361dd22f112e6e71051c0') in 0.023606 seconds
  Import took 0.026394 seconds .

========================================================================
Received Prepare
Registering precompiled user dll's ...
Registered in 0.000804 seconds.
Begin MonoManager ReloadAssembly
Native extension for WindowsStandalone target not found
Native extension for WebGL target not found
Refreshing native plugins compatible for Editor in 0.27 ms, found 0 plugins.
Preloading 0 native plugins for Editor in 0.00 ms.
Invoked RoslynAnalysisRunner static constructor.
RoslynAnalysisRunner will not be running.
RoslynAnalysisRunner has terminated.
Mono: successfully reloaded assembly
- Completed reload, in  0.950 seconds
Platform modules already initialized, skipping
Refreshing native plugins compatible for Editor in 0.28 ms, found 0 plugins.
Preloading 0 native plugins for Editor in 0.00 ms.
Unloading 1095 Unused Serialized files (Serialized files now loaded: 0)
System memory in use before: 62.1 MB.
System memory in use after: 62.2 MB.

Unloading 5 unused Assets to reduce memory usage. Loaded Objects now: 1646.
Total: 2.040668 ms (FindLiveObjects: 0.157369 ms CreateObjectMapping: 0.046612 ms MarkObjects: 1.767838 ms  DeleteObjects: 0.058586 ms)

========================================================================
Received Import Request.
  Time since last request: 11.708236 seconds.
  path: Assets/Level Items/Cannon.prefab
  artifactKey: Guid(dd3739e279ee7f94db2332d35ea0292d) Importer(815301076,1909f56bfc062723c751e8b465ee728b)
Start importing Assets/Level Items/Cannon.prefab using Guid(dd3739e279ee7f94db2332d35ea0292d) Importer(815301076,1909f56bfc062723c751e8b465ee728b)  -> (artifact id: '0f555d05aed000abd7889c75065ae0e2') in 0.104580 seconds
  Import took 0.107706 seconds .

========================================================================
Received Prepare
Registering precompiled user dll's ...
Registered in 0.001066 seconds.
Begin MonoManager ReloadAssembly
Native extension for WindowsStandalone target not found
Native extension for WebGL target not found
Refreshing native plugins compatible for Editor in 0.26 ms, found 0 plugins.
Preloading 0 native plugins for Editor in 0.00 ms.
Invoked RoslynAnalysisRunner static constructor.
RoslynAnalysisRunner will not be running.
RoslynAnalysisRunner has terminated.
Mono: successfully reloaded assembly
- Completed reload, in  0.959 seconds
Platform modules already initialized, skipping
Refreshing native plugins compatible for Editor in 0.36 ms, found 0 plugins.
Preloading 0 native plugins for Editor in 0.00 ms.
Unloading 1095 Unused Serialized files (Serialized files now loaded: 0)
System memory in use before: 61.4 MB.
System memory in use after: 61.5 MB.

Unloading 5 unused Assets to reduce memory usage. Loaded Objects now: 1649.
Total: 2.053925 ms (FindLiveObjects: 0.161646 ms CreateObjectMapping: 0.046184 ms MarkObjects: 1.784088 ms  DeleteObjects: 0.060296 ms)

========================================================================
Received Import Request.
  Time since last request: 22.228339 seconds.
  path: Assets/Characters/Enemy.prefab
  artifactKey: Guid(fa5fbdff4fd1c9a4db0a244bb2f0acab) Importer(815301076,1909f56bfc062723c751e8b465ee728b)
Start importing Assets/Characters/Enemy.prefab using Guid(fa5fbdff4fd1c9a4db0a244bb2f0acab) Importer(815301076,1909f56bfc062723c751e8b465ee728b)  -> (artifact id: '75004891a138455b3d314111c89370cf') in 0.100068 seconds
  Import took 0.103514 seconds .

========================================================================
Received Import Request.
  Time since last request: 1.689983 seconds.
  path: Assets/Characters/Enemy.prefab
  artifactKey: Guid(fa5fbdff4fd1c9a4db0a244bb2f0acab) Importer(815301076,1909f56bfc062723c751e8b465ee728b)
Start importing Assets/Characters/Enemy.prefab using Guid(fa5fbdff4fd1c9a4db0a244bb2f0acab) Importer(815301076,1909f56bfc062723c751e8b465ee728b)  -> (artifact id: '66fa7e3b4b952a9551870cb09a3e3a5d') in 0.021807 seconds
  Import took 0.024499 seconds .

========================================================================
Received Prepare
Registering precompiled user dll's ...
Registered in 0.000860 seconds.
Begin MonoManager ReloadAssembly
Native extension for WindowsStandalone target not found
Native extension for WebGL target not found
Refreshing native plugins compatible for Editor in 0.29 ms, found 0 plugins.
Preloading 0 native plugins for Editor in 0.00 ms.
Invoked RoslynAnalysisRunner static constructor.
RoslynAnalysisRunner will not be running.
RoslynAnalysisRunner has terminated.
Mono: successfully reloaded assembly
- Completed reload, in  0.985 seconds
Platform modules already initialized, skipping
Refreshing native plugins compatible for Editor in 0.26 ms, found 0 plugins.
Preloading 0 native plugins for Editor in 0.00 ms.
Unloading 1095 Unused Serialized files (Serialized files now loaded: 0)
System memory in use before: 61.7 MB.
System memory in use after: 61.7 MB.

Unloading 6 unused Assets to reduce memory usage. Loaded Objects now: 1653.
Total: 2.095405 ms (FindLiveObjects: 0.160363 ms CreateObjectMapping: 0.047895 ms MarkObjects: 1.821292 ms  DeleteObjects: 0.063717 ms)

========================================================================
Received Import Request.
  Time since last request: 18.082335 seconds.
  path: Assets/Characters/Enemy.prefab
  artifactKey: Guid(fa5fbdff4fd1c9a4db0a244bb2f0acab) Importer(815301076,1909f56bfc062723c751e8b465ee728b)
Start importing Assets/Characters/Enemy.prefab using Guid(fa5fbdff4fd1c9a4db0a244bb2f0acab) Importer(815301076,1909f56bfc062723c751e8b465ee728b)  -> (artifact id: '607456d2bd2842b8decf37cad49452fe') in 0.106603 seconds
  Import took 0.109272 seconds .

========================================================================
Received Import Request.
  Time since last request: 0.522009 seconds.
  path: Assets/Characters/Enemy.prefab
  artifactKey: Guid(fa5fbdff4fd1c9a4db0a244bb2f0acab) Importer(815301076,1909f56bfc062723c751e8b465ee728b)
Start importing Assets/Characters/Enemy.prefab using Guid(fa5fbdff4fd1c9a4db0a244bb2f0acab) Importer(815301076,1909f56bfc062723c751e8b465ee728b)  -> (artifact id: '11f2af9ee7c15f851093f49f1494a070') in 0.017935 seconds
  Import took 0.020586 seconds .

========================================================================
Received Import Request.
  Time since last request: 0.575735 seconds.
  path: Assets/Characters/Enemy.prefab
  artifactKey: Guid(fa5fbdff4fd1c9a4db0a244bb2f0acab) Importer(815301076,1909f56bfc062723c751e8b465ee728b)
Start importing Assets/Characters/Enemy.prefab using Guid(fa5fbdff4fd1c9a4db0a244bb2f0acab) Importer(815301076,1909f56bfc062723c751e8b465ee728b)  -> (artifact id: '6e9998f1fdc4706d67161f9757490cdd') in 0.014008 seconds
  Import took 0.016885 seconds .

========================================================================
Received Prepare
Registering precompiled user dll's ...
Registered in 0.000775 seconds.
Begin MonoManager ReloadAssembly
Native extension for WindowsStandalone target not found
Native extension for WebGL target not found
Refreshing native plugins compatible for Editor in 0.30 ms, found 0 plugins.
Preloading 0 native plugins for Editor in 0.00 ms.
Invoked RoslynAnalysisRunner static constructor.
RoslynAnalysisRunner will not be running.
RoslynAnalysisRunner has terminated.
Mono: successfully reloaded assembly
- Completed reload, in  0.958 seconds
Platform modules already initialized, skipping
Refreshing native plugins compatible for Editor in 0.27 ms, found 0 plugins.
Preloading 0 native plugins for Editor in 0.00 ms.
Unloading 1095 Unused Serialized files (Serialized files now loaded: 0)
System memory in use before: 61.9 MB.
System memory in use after: 62.0 MB.

Unloading 6 unused Assets to reduce memory usage. Loaded Objects now: 1656.
Total: 2.115504 ms (FindLiveObjects: 0.273686 ms CreateObjectMapping: 0.047895 ms MarkObjects: 1.728923 ms  DeleteObjects: 0.062862 ms)

========================================================================
Received Import Request.
  Time since last request: 50.982232 seconds.
  path: Assets/Projectiles/Bullet.prefab
  artifactKey: Guid(f3bdc1735e6764445a7501779182a4f4) Importer(815301076,1909f56bfc062723c751e8b465ee728b)
Start importing Assets/Projectiles/Bullet.prefab using Guid(f3bdc1735e6764445a7501779182a4f4) Importer(815301076,1909f56bfc062723c751e8b465ee728b)  -> (artifact id: 'df9d7b7bcb7b5721e33e93cd254b4f26') in 0.085628 seconds
  Import took 0.088300 seconds .

========================================================================
Received Prepare
Registering precompiled user dll's ...
Registered in 0.000836 seconds.
Begin MonoManager ReloadAssembly
Native extension for WindowsStandalone target not found
Native extension for WebGL target not found
Refreshing native plugins compatible for Editor in 0.28 ms, found 0 plugins.
Preloading 0 native plugins for Editor in 0.00 ms.
Invoked RoslynAnalysisRunner static constructor.
RoslynAnalysisRunner will not be running.
RoslynAnalysisRunner has terminated.
Mono: successfully reloaded assembly
- Completed reload, in  0.970 seconds
Platform modules already initialized, skipping
Refreshing native plugins compatible for Editor in 0.27 ms, found 0 plugins.
Preloading 0 native plugins for Editor in 0.00 ms.
Unloading 1095 Unused Serialized files (Serialized files now loaded: 0)
System memory in use before: 62.1 MB.
System memory in use after: 62.2 MB.

Unloading 5 unused Assets to reduce memory usage. Loaded Objects now: 1659.
Total: 1.991062 ms (FindLiveObjects: 0.176185 ms CreateObjectMapping: 0.048750 ms MarkObjects: 1.704548 ms  DeleteObjects: 0.059441 ms)

========================================================================
Received Import Request.
  Time since last request: 52.991349 seconds.
  path: Assets/Projectiles/Bullet.prefab
  artifactKey: Guid(f3bdc1735e6764445a7501779182a4f4) Importer(815301076,1909f56bfc062723c751e8b465ee728b)
Start importing Assets/Projectiles/Bullet.prefab using Guid(f3bdc1735e6764445a7501779182a4f4) Importer(815301076,1909f56bfc062723c751e8b465ee728b)  -> (artifact id: '6f2d8422b68daa0dae2f463fd05fd610') in 0.074510 seconds
  Import took 0.077243 seconds .

========================================================================
Received Prepare
Registering precompiled user dll's ...
Registered in 0.000797 seconds.
Begin MonoManager ReloadAssembly
Native extension for WindowsStandalone target not found
Native extension for WebGL target not found
Refreshing native plugins compatible for Editor in 0.26 ms, found 0 plugins.
Preloading 0 native plugins for Editor in 0.00 ms.
Invoked RoslynAnalysisRunner static constructor.
RoslynAnalysisRunner will not be running.
RoslynAnalysisRunner has terminated.
Mono: successfully reloaded assembly
- Completed reload, in  0.949 seconds
Platform modules already initialized, skipping
Refreshing native plugins compatible for Editor in 0.26 ms, found 0 plugins.
Preloading 0 native plugins for Editor in 0.00 ms.
Unloading 1095 Unused Serialized files (Serialized files now loaded: 0)
System memory in use before: 62.2 MB.
System memory in use after: 62.3 MB.

Unloading 5 unused Assets to reduce memory usage. Loaded Objects now: 1662.
Total: 1.976523 ms (FindLiveObjects: 0.164639 ms CreateObjectMapping: 0.047467 ms MarkObjects: 1.704548 ms  DeleteObjects: 0.059013 ms)

========================================================================
Received Prepare
Registering precompiled user dll's ...
Registered in 0.000852 seconds.
Begin MonoManager ReloadAssembly
Native extension for WindowsStandalone target not found
Native extension for WebGL target not found
Refreshing native plugins compatible for Editor in 0.30 ms, found 0 plugins.
Preloading 0 native plugins for Editor in 0.00 ms.
Invoked RoslynAnalysisRunner static constructor.
RoslynAnalysisRunner will not be running.
RoslynAnalysisRunner has terminated.
Mono: successfully reloaded assembly
- Completed reload, in  1.116 seconds
Platform modules already initialized, skipping
Refreshing native plugins compatible for Editor in 0.49 ms, found 0 plugins.
Preloading 0 native plugins for Editor in 0.00 ms.
Unloading 1095 Unused Serialized files (Serialized files now loaded: 0)
System memory in use before: 61.6 MB.
System memory in use after: 61.6 MB.

Unloading 5 unused Assets to reduce memory usage. Loaded Objects now: 1664.
Total: 3.170049 ms (FindLiveObjects: 0.342107 ms CreateObjectMapping: 0.092797 ms MarkObjects: 2.654750 ms  DeleteObjects: 0.078257 ms)

========================================================================
Received Import Request.
  Time since last request: 205.509822 seconds.
  path: Assets/Characters/Enemy.prefab
  artifactKey: Guid(fa5fbdff4fd1c9a4db0a244bb2f0acab) Importer(815301076,1909f56bfc062723c751e8b465ee728b)
Start importing Assets/Characters/Enemy.prefab using Guid(fa5fbdff4fd1c9a4db0a244bb2f0acab) Importer(815301076,1909f56bfc062723c751e8b465ee728b)  -> (artifact id: '1ed53241de9f6bcc6c5e05dee5c4dc83') in 0.106828 seconds
  Import took 0.110216 seconds .

========================================================================
Received Prepare
Registering precompiled user dll's ...
Registered in 0.000841 seconds.
Begin MonoManager ReloadAssembly
Native extension for WindowsStandalone target not found
Native extension for WebGL target not found
Refreshing native plugins compatible for Editor in 0.27 ms, found 0 plugins.
Preloading 0 native plugins for Editor in 0.00 ms.
Invoked RoslynAnalysisRunner static constructor.
RoslynAnalysisRunner will not be running.
RoslynAnalysisRunner has terminated.
Mono: successfully reloaded assembly
- Completed reload, in  0.948 seconds
Platform modules already initialized, skipping
Refreshing native plugins compatible for Editor in 0.26 ms, found 0 plugins.
Preloading 0 native plugins for Editor in 0.00 ms.
Unloading 1095 Unused Serialized files (Serialized files now loaded: 0)
System memory in use before: 61.8 MB.
System memory in use after: 61.9 MB.

Unloading 6 unused Assets to reduce memory usage. Loaded Objects now: 1667.
Total: 2.276722 ms (FindLiveObjects: 0.168488 ms CreateObjectMapping: 0.050888 ms MarkObjects: 1.985503 ms  DeleteObjects: 0.069277 ms)

========================================================================
Received Prepare
Registering precompiled user dll's ...
Registered in 0.001478 seconds.
Begin MonoManager ReloadAssembly
Native extension for WindowsStandalone target not found
Native extension for WebGL target not found
Refreshing native plugins compatible for Editor in 0.27 ms, found 0 plugins.
Preloading 0 native plugins for Editor in 0.00 ms.
Invoked RoslynAnalysisRunner static constructor.
RoslynAnalysisRunner will not be running.
RoslynAnalysisRunner has terminated.
Mono: successfully reloaded assembly
- Completed reload, in  1.039 seconds
Platform modules already initialized, skipping
Refreshing native plugins compatible for Editor in 0.33 ms, found 0 plugins.
Preloading 0 native plugins for Editor in 0.00 ms.
Unloading 1095 Unused Serialized files (Serialized files now loaded: 0)
System memory in use before: 62.0 MB.
System memory in use after: 62.1 MB.

Unloading 5 unused Assets to reduce memory usage. Loaded Objects now: 1669.
Total: 3.456563 ms (FindLiveObjects: 0.579871 ms CreateObjectMapping: 0.117599 ms MarkObjects: 2.669717 ms  DeleteObjects: 0.085527 ms)

AssetImportWorkerClient::OnTransportError - code=2 error=End of file
